0 info it worked if it ends with ok
1 verbose cli [ '/usr/local/Cellar/node/6.4.0/bin/node',
1 verbose cli   '/usr/local/bin/npm',
1 verbose cli   'run',
1 verbose cli   'test' ]
2 info using npm@3.10.3
3 info using node@v6.4.0
4 verbose run-script [ 'pretest', 'test', 'posttest' ]
5 info lifecycle eventt.js@1.0.0~pretest: eventt.js@1.0.0
6 silly lifecycle eventt.js@1.0.0~pretest: no script for pretest, continuing
7 info lifecycle eventt.js@1.0.0~test: eventt.js@1.0.0
8 verbose lifecycle eventt.js@1.0.0~test: unsafe-perm in lifecycle true
9 verbose lifecycle eventt.js@1.0.0~test: PATH: /usr/local/lib/node_modules/npm/bin/node-gyp-bin:/Volumes/Users/clmsis/Websites/__/eventt.js/node_modules/.bin:/usr/local/Cellar/node/6.4.0/bin:/usr/local/opt/php70/bin:~/.composer/vendor/bin:/usr/local/bin:/usr/bin:/bin:/usr/sbin:/sbin
10 verbose lifecycle eventt.js@1.0.0~test: CWD: /Volumes/Users/clmsis/Websites/__/eventt.js
11 silly lifecycle eventt.js@1.0.0~test: Args: [ '-c', 'mocha' ]
12 silly lifecycle eventt.js@1.0.0~test: Returned: code: 1  signal: null
13 info lifecycle eventt.js@1.0.0~test: Failed to exec test script
14 verbose stack Error: eventt.js@1.0.0 test: `mocha`
14 verbose stack Exit status 1
14 verbose stack     at EventEmitter.<anonymous> (/usr/local/lib/node_modules/npm/lib/utils/lifecycle.js:242:16)
14 verbose stack     at emitTwo (events.js:106:13)
14 verbose stack     at EventEmitter.emit (events.js:191:7)
14 verbose stack     at ChildProcess.<anonymous> (/usr/local/lib/node_modules/npm/lib/utils/spawn.js:40:14)
14 verbose stack     at emitTwo (events.js:106:13)
14 verbose stack     at ChildProcess.emit (events.js:191:7)
14 verbose stack     at maybeClose (internal/child_process.js:852:16)
14 verbose stack     at Process.ChildProcess._handle.onexit (internal/child_process.js:215:5)
15 verbose pkgid eventt.js@1.0.0
16 verbose cwd /Volumes/Users/clmsis/Websites/__/eventt.js
17 error Darwin 15.6.0
18 error argv "/usr/local/Cellar/node/6.4.0/bin/node" "/usr/local/bin/npm" "run" "test"
19 error node v6.4.0
20 error npm  v3.10.3
21 error code ELIFECYCLE
22 error eventt.js@1.0.0 test: `mocha`
22 error Exit status 1
23 error Failed at the eventt.js@1.0.0 test script 'mocha'.
23 error Make sure you have the latest version of node.js and npm installed.
23 error If you do, this is most likely a problem with the eventt.js package,
23 error not with npm itself.
23 error Tell the author that this fails on your system:
23 error     mocha
23 error You can get information on how to open an issue for this project with:
23 error     npm bugs eventt.js
23 error Or if that isn't available, you can get their info via:
23 error     npm owner ls eventt.js
23 error There is likely additional logging output above.
24 verbose exit [ 1, true ]
